G0,
RNew version started 		14:45:41 07/17/2025
G4999,enhanced.chm
RMETHOD	Loading Method MSMM_EVR-1.M	14:45:44 07/17/2025
G0,enhanced.chm
RACQ5973N	Run started	14:47:42 07/17/2025
G0,Enhanced.chm
R6890	Not ready:F inl pres 11.5 psi at runtime 0.20	15:16:37 07/17/2025
G0,Enhanced.chm
R6890	Not ready:Host system at runtime 0.52	15:16:37 07/17/2025
G0,
RMETHOD	Acquired 000021254753_GF.D	15:16:44 07/17/2025
G0,
REMF	Pump Oil (Days) at 1238, limit (90) has been	15:16:45 07/17/2025
R	reached during Sequence
G0,enhanced.chm
RACQ5973N	Run started	15:20:39 07/17/2025
G0,Enhanced.chm
R6890	Not ready:F inl pres 11.5 psi at runtime 0.20	15:49:34 07/17/2025
G0,Enhanced.chm
R6890	Not ready:Host system at runtime 0.52	15:49:34 07/17/2025
G0,
RMETHOD	Acquired 000021254732_SL.D	15:49:38 07/17/2025
G0,
REMF	Pump Oil (Days) at 1238, limit (90) has been	15:49:39 07/17/2025
R	reached during Sequence
G0,enhanced.chm
RACQ5973N	Run started	15:53:38 07/17/2025
G0,Enhanced.chm
R6890	Not ready:F inl pres 11.5 psi at runtime 0.20	16:22:34 07/17/2025
G0,Enhanced.chm
R6890	Not ready:Host system at runtime 0.52	16:22:34 07/17/2025
G0,
RMETHOD	Acquired 000021254755.D	16:22:37 07/17/2025
G0,
REMF	Pump Oil (Days) at 1238, limit (90) has been	16:22:38 07/17/2025
R	reached during Sequence
G0,enhanced.chm
RACQ5973N	Run started	16:26:34 07/17/2025
G0,Enhanced.chm
R6890	Not ready:F inl pres 11.5 psi at runtime 0.20	16:55:30 07/17/2025
G0,Enhanced.chm
R6890	Not ready:Host system at runtime 0.52	16:55:30 07/17/2025
G0,
RMETHOD	Acquired 000021255031.D	16:55:33 07/17/2025
G0,
REMF	Pump Oil (Days) at 1238, limit (90) has been	16:55:34 07/17/2025
R	reached during Sequence
G0,enhanced.chm
RACQ5973N	Run started	16:59:33 07/17/2025
G0,Enhanced.chm
R6890	Not ready:F inl pres 11.5 psi at runtime 0.20	17:28:29 07/17/2025
G0,Enhanced.chm
R6890	Not ready:Host system at runtime 0.52	17:28:29 07/17/2025
G0,
RMETHOD	Acquired 000021255018.D	17:28:34 07/17/2025
G0,
REMF	Pump Oil (Days) at 1238, limit (90) has been	17:28:35 07/17/2025
R	reached during Sequence
G0,enhanced.chm
RACQ5973N	Run started	17:32:26 07/17/2025
G0,Enhanced.chm
R6890	Not ready:F inl pres 11.5 psi at runtime 0.20	18:01:22 07/17/2025
G0,Enhanced.chm
R6890	Not ready:Host system at runtime 0.52	18:01:22 07/17/2025
G0,
RMETHOD	Acquired 000021255003.D	18:01:25 07/17/2025
G0,
REMF	Pump Oil (Days) at 1238, limit (90) has been	18:01:26 07/17/2025
R	reached during Sequence
G0,enhanced.chm
RACQ5973N	Run started	18:05:26 07/17/2025
G0,Enhanced.chm
R6890	Not ready:F inl pres 11.5 psi at runtime 0.20	18:34:22 07/17/2025
G0,Enhanced.chm
R6890	Not ready:Host system at runtime 0.52	18:34:22 07/17/2025
G0,
RMETHOD	Acquired 000021254840.D	18:34:25 07/17/2025
G0,
REMF	Pump Oil (Days) at 1238, limit (90) has been	18:34:26 07/17/2025
R	reached during Sequence
G0,enhanced.chm
RACQ5973N	Run started	18:38:17 07/17/2025
G0,Enhanced.chm
R6890	Not ready:F inl pres 11.5 psi at runtime 0.20	19:07:13 07/17/2025
G0,Enhanced.chm
R6890	Not ready:Host system at runtime 0.52	19:07:13 07/17/2025
G0,
RMETHOD	Acquired 000021254843.D	19:07:16 07/17/2025
G0,
REMF	Pump Oil (Days) at 1238, limit (90) has been	19:07:17 07/17/2025
R	reached during Sequence
G0,enhanced.chm
RACQ5973N	Run started	19:11:13 07/17/2025
G0,Enhanced.chm
R6890	Not ready:F inl pres 11.5 psi at runtime 0.20	19:40:09 07/17/2025
G0,Enhanced.chm
R6890	Not ready:Host system at runtime 0.52	19:40:09 07/17/2025
G0,
RMETHOD	Acquired 000021254846.D	19:40:12 07/17/2025
G0,
REMF	Pump Oil (Days) at 1238, limit (90) has been	19:40:13 07/17/2025
R	reached during Sequence
G0,enhanced.chm
RACQ5973N	Run started	19:44:07 07/17/2025
G0,Enhanced.chm
R6890	Not ready:F inl pres 11.6 psi at runtime 0.20	20:13:03 07/17/2025
G0,Enhanced.chm
R6890	Not ready:Host system at runtime 0.52	20:13:03 07/17/2025
G0,
RMETHOD	Acquired 000021254777.D	20:13:06 07/17/2025
G0,
REMF	Pump Oil (Days) at 1238, limit (90) has been	20:13:07 07/17/2025
R	reached during Sequence
G0,enhanced.chm
RACQ5973N	Run started	20:17:04 07/17/2025
G0,Enhanced.chm
R6890	Not ready:F inl pres 11.5 psi at runtime 0.20	20:46:00 07/17/2025
G0,Enhanced.chm
R6890	Not ready:Host system at runtime 0.52	20:46:00 07/17/2025
G0,
RMETHOD	Acquired 000021254828.D	20:46:05 07/17/2025
G0,
REMF	Pump Oil (Days) at 1238, limit (90) has been	20:46:06 07/17/2025
R	reached during Sequence
G0,enhanced.chm
RACQ5973N	Run started	20:49:56 07/17/2025
G0,Enhanced.chm
R6890	Not ready:F inl pres 11.5 psi at runtime 0.20	21:18:52 07/17/2025
G0,Enhanced.chm
R6890	Not ready:Host system at runtime 0.52	21:18:52 07/17/2025
G0,
RMETHOD	Acquired 000021254831.D	21:18:59 07/17/2025
G0,
REMF	Pump Oil (Days) at 1238, limit (90) has been	21:19:00 07/17/2025
R	reached during Sequence
G0,enhanced.chm
RACQ5973N	Run started	21:22:54 07/17/2025
G0,Enhanced.chm
R6890	Not ready:F inl pres 11.5 psi at runtime 0.20	21:51:50 07/17/2025
G0,Enhanced.chm
R6890	Not ready:Host system at runtime 0.52	21:51:50 07/17/2025
G0,
RMETHOD	Acquired 000021254834.D	21:51:57 07/17/2025
G0,
REMF	Pump Oil (Days) at 1238, limit (90) has been	21:51:58 07/17/2025
R	reached during Sequence
G0,enhanced.chm
RACQ5973N	Run started	21:55:46 07/17/2025
G0,Enhanced.chm
R6890	Not ready:F inl pres 11.6 psi at runtime 0.20	22:24:42 07/17/2025
G0,Enhanced.chm
R6890	Not ready:Host system at runtime 0.52	22:24:42 07/17/2025
G0,
RMETHOD	Acquired 000021254837.D	22:24:46 07/17/2025
G0,
REMF	Pump Oil (Days) at 1238, limit (90) has been	22:24:47 07/17/2025
R	reached during Sequence
G0,enhanced.chm
RACQ5973N	Run started	22:28:45 07/17/2025
G0,Enhanced.chm
R6890	Not ready:F inl pres 11.5 psi at runtime 0.20	22:57:41 07/17/2025
G0,Enhanced.chm
R6890	Not ready:Host system at runtime 0.52	22:57:41 07/17/2025
G0,
RMETHOD	Acquired 000021259834.D	22:57:45 07/17/2025
G0,
REMF	Pump Oil (Days) at 1238, limit (90) has been	22:57:46 07/17/2025
R	reached during Sequence
G0,enhanced.chm
RACQ5973N	Run started	23:01:38 07/17/2025
G0,Enhanced.chm
R6890	Not ready:F inl pres 11.5 psi at runtime 0.20	23:30:34 07/17/2025
G0,Enhanced.chm
R6890	Not ready:Host system at runtime 0.52	23:30:34 07/17/2025
G0,
RMETHOD	Acquired 000021260453.D	23:30:41 07/17/2025
G0,
REMF	Pump Oil (Days) at 1238, limit (90) has been	23:30:42 07/17/2025
R	reached during Sequence
G0,enhanced.chm
RACQ5973N	Run started	23:34:36 07/17/2025
G0,Enhanced.chm
R6890	Not ready:F inl pres 11.5 psi at runtime 0.20	00:03:32 07/18/2025
G0,Enhanced.chm
R6890	Not ready:Host system at runtime 0.52	00:03:32 07/18/2025
G0,
RMETHOD	Acquired 000021262397.D	00:03:37 07/18/2025
G0,
REMF	Pump Oil (Days) at 1238, limit (90) has been	00:03:38 07/18/2025
R	reached during Sequence
G0,enhanced.chm
RACQ5973N	Run started	00:07:28 07/18/2025
G0,Enhanced.chm
R6890	Not ready:F inl pres 11.5 psi at runtime 0.20	00:36:24 07/18/2025
G0,Enhanced.chm
R6890	Not ready:Host system at runtime 0.52	00:36:24 07/18/2025
G0,
RMETHOD	Acquired 000021262404.D	00:36:31 07/18/2025
G0,
REMF	Pump Oil (Days) at 1238, limit (90) has been	00:36:32 07/18/2025
R	reached during Sequence
G0,enhanced.chm
RACQ5973N	Run started	00:40:26 07/18/2025
G0,Enhanced.chm
R6890	Not ready:F inl pres 11.5 psi at runtime 0.20	01:09:22 07/18/2025
G0,Enhanced.chm
R6890	Not ready:Host system at runtime 0.52	01:09:22 07/18/2025
G0,
RMETHOD	Acquired 000021262323.D	01:09:25 07/18/2025
G0,
REMF	Pump Oil (Days) at 1238, limit (90) has been	01:09:26 07/18/2025
R	reached during Sequence
G0,enhanced.chm
RACQ5973N	Run started	01:13:15 07/18/2025
G0,Enhanced.chm
R6890	Not ready:F inl pres 11.5 psi at runtime 0.20	01:42:11 07/18/2025
G0,Enhanced.chm
R6890	Not ready:Host system at runtime 0.52	01:42:11 07/18/2025
G0,
RMETHOD	Acquired 000021262348.D	01:42:16 07/18/2025
G0,
REMF	Pump Oil (Days) at 1238, limit (90) has been	01:42:16 07/18/2025
R	reached during Sequence
G0,enhanced.chm
RACQ5973N	Run started	01:46:11 07/18/2025
G0,Enhanced.chm
R6890	Not ready:F inl pres 11.5 psi at runtime 0.20	02:15:07 07/18/2025
G0,Enhanced.chm
R6890	Not ready:Host system at runtime 0.52	02:15:07 07/18/2025
G0,
RMETHOD	Acquired 000021262389.D	02:15:11 07/18/2025
G0,
REMF	Pump Oil (Days) at 1238, limit (90) has been	02:15:12 07/18/2025
R	reached during Sequence
G0,enhanced.chm
RACQ5973N	Run started	02:19:03 07/18/2025
G0,Enhanced.chm
R6890	Not ready:F inl pres 11.5 psi at runtime 0.20	02:47:59 07/18/2025
G0,Enhanced.chm
R6890	Not ready:Host system at runtime 0.52	02:47:59 07/18/2025
G0,
RMETHOD	Acquired 000021262528.D	02:48:02 07/18/2025
G0,
REMF	Pump Oil (Days) at 1239, limit (90) has been	02:48:03 07/18/2025
R	reached during Sequence
G0,enhanced.chm
RACQ5973N	Run started	02:52:00 07/18/2025
G0,Enhanced.chm
R6890	Not ready:F inl pres 11.5 psi at runtime 0.20	03:20:56 07/18/2025
G0,Enhanced.chm
R6890	Not ready:Host system at runtime 0.52	03:20:56 07/18/2025
G0,
RMETHOD	Acquired 000021262551.D	03:20:59 07/18/2025
G0,
REMF	Pump Oil (Days) at 1239, limit (90) has been	03:21:00 07/18/2025
R	reached during Sequence
G0,enhanced.chm
RACQ5973N	Run started	03:24:49 07/18/2025
G0,Enhanced.chm
R6890	Not ready:F inl pres 11.5 psi at runtime 0.20	03:53:45 07/18/2025
G0,Enhanced.chm
R6890	Not ready:Host system at runtime 0.52	03:53:45 07/18/2025
G0,
RMETHOD	Acquired 000021262320.D	03:53:49 07/18/2025
G0,
REMF	Pump Oil (Days) at 1239, limit (90) has been	03:53:50 07/18/2025
R	reached during Sequence
G0,enhanced.chm
RACQ5973N	Run started	03:57:46 07/18/2025
G0,Enhanced.chm
R6890	Not ready:F inl pres 11.5 psi at runtime 0.20	04:26:42 07/18/2025
G0,Enhanced.chm
R6890	Not ready:Host system at runtime 0.52	04:26:42 07/18/2025
G0,
RMETHOD	Acquired 000021262911.D	04:26:48 07/18/2025
G0,
REMF	Pump Oil (Days) at 1239, limit (90) has been	04:26:48 07/18/2025
R	reached during Sequence
G0,enhanced.chm
RACQ5973N	Run started	04:30:36 07/18/2025
G0,Enhanced.chm
R6890	Not ready:F inl pres 11.5 psi at runtime 0.20	04:59:31 07/18/2025
G0,Enhanced.chm
R6890	Not ready:Host system at runtime 0.52	04:59:31 07/18/2025
G0,
RMETHOD	Acquired 000021262897.D	04:59:38 07/18/2025
G0,
REMF	Pump Oil (Days) at 1239, limit (90) has been	04:59:39 07/18/2025
R	reached during Sequence
G0,enhanced.chm
RACQ5973N	Run started	05:03:31 07/18/2025
G0,Enhanced.chm
R6890	Not ready:F inl pres 11.5 psi at runtime 0.20	05:32:28 07/18/2025
G0,Enhanced.chm
R6890	Not ready:Host system at runtime 0.52	05:32:28 07/18/2025
G0,
RMETHOD	Acquired 000021262312.D	05:32:33 07/18/2025
G0,
REMF	Pump Oil (Days) at 1239, limit (90) has been	05:32:34 07/18/2025
R	reached during Sequence
G0,enhanced.chm
RACQ5973N	Run started	05:36:21 07/18/2025
G0,Enhanced.chm
R6890	Not ready:F inl pres 11.5 psi at runtime 0.20	06:05:17 07/18/2025
G0,Enhanced.chm
R6890	Not ready:Host system at runtime 0.52	06:05:17 07/18/2025
G0,
RMETHOD	Acquired 000021262561.D	06:05:20 07/18/2025
G0,
REMF	Pump Oil (Days) at 1239, limit (90) has been	06:05:21 07/18/2025
R	reached during Sequence
G0,enhanced.chm
RACQ5973N	Run started	06:09:17 07/18/2025
G0,Enhanced.chm
R6890	Not ready:F inl pres 11.5 psi at runtime 0.20	06:38:13 07/18/2025
G0,Enhanced.chm
R6890	Not ready:Host system at runtime 0.52	06:38:13 07/18/2025
G0,
RMETHOD	Acquired 000021262576.D	06:38:20 07/18/2025
G0,
REMF	Pump Oil (Days) at 1239, limit (90) has been	06:38:21 07/18/2025
R	reached during Sequence
G0,enhanced.chm
RACQ5973N	Run started	06:42:09 07/18/2025
G0,Enhanced.chm
R6890	Not ready:F inl pres 11.5 psi at runtime 0.20	07:11:05 07/18/2025
G0,Enhanced.chm
R6890	Not ready:Host system at runtime 0.52	07:11:05 07/18/2025
G0,
RMETHOD	Acquired 000021261294.D	07:11:11 07/18/2025
G0,
REMF	Pump Oil (Days) at 1239, limit (90) has been	07:11:12 07/18/2025
R	reached during Sequence
G0,enhanced.chm
RACQ5973N	Run started	07:15:06 07/18/2025
G0,Enhanced.chm
R6890	Not ready:F inl pres 11.5 psi at runtime 0.20	07:44:02 07/18/2025
G0,Enhanced.chm
R6890	Not ready:Host system at runtime 0.52	07:44:02 07/18/2025
G0,
RMETHOD	Acquired 000021262315.D	07:44:05 07/18/2025
G0,
REMF	Pump Oil (Days) at 1239, limit (90) has been	07:44:06 07/18/2025
R	reached during Sequence
G0,enhanced.chm
RACQ5973N	Run started	07:47:57 07/18/2025
G0,Enhanced.chm
R6890	Not ready:F inl pres 11.5 psi at runtime 0.20	08:16:53 07/18/2025
G0,Enhanced.chm
R6890	Not ready:Host system at runtime 0.52	08:16:53 07/18/2025
G0,
RMETHOD	Acquired 000021262318.D	08:16:56 07/18/2025
G0,
REMF	Pump Oil (Days) at 1239, limit (90) has been	08:16:57 07/18/2025
R	reached during Sequence
G0,enhanced.chm
RACQ5973N	Run started	08:20:53 07/18/2025
G0,Enhanced.chm
R6890	Not ready:F inl pres 11.5 psi at runtime 0.20	08:49:49 07/18/2025
G0,Enhanced.chm
R6890	Not ready:Host system at runtime 0.52	08:49:49 07/18/2025
G0,
RMETHOD	Acquired 000021262859.D	08:49:53 07/18/2025
G0,
REMF	Pump Oil (Days) at 1239, limit (90) has been	08:49:54 07/18/2025
R	reached during Sequence
G0,enhanced.chm
RACQ5973N	Run started	08:53:42 07/18/2025
G0,Enhanced.chm
R6890	Not ready:F inl pres 11.5 psi at runtime 0.20	09:22:38 07/18/2025
G0,Enhanced.chm
R6890	Not ready:Host system at runtime 0.52	09:22:38 07/18/2025
G0,
RMETHOD	Acquired 000021262867.D	09:22:41 07/18/2025
G0,
REMF	Pump Oil (Days) at 1239, limit (90) has been	09:22:42 07/18/2025
R	reached during Sequence
G0,enhanced.chm
RACQ5973N	Run started	09:26:36 07/18/2025
G0,Enhanced.chm
R6890	 No Bottle in Gripper 	09:27:50 07/18/2025
G0,Enhanced.chm
R6890	Not ready:F inl pres 11.5 psi at runtime 0.20	09:55:32 07/18/2025
G0,Enhanced.chm
R6890	Not ready:Host system at runtime 0.52	09:55:32 07/18/2025
G0,Enhanced.chm
R6890	 No Bottle in Gripper 	10:47:42 07/18/2025
G0,
RMETHOD	Acquired 000021262845.D	10:48:14 07/18/2025
G0,
RManualMode	Neither GC nor MS data collected; consult	10:48:15 07/18/2025
R	Logbook
G4999,enhanced.chm
RMETHOD	Loading Method MSMM_EVR-1.M	10:48:17 07/18/2025
G4999,enhanced.chm
RMETHOD	Loading Method MSMM_EVR-1.M	10:48:24 07/18/2025
G0,
REMF	Pump Oil (Days) at 1239, limit (90) has been	10:48:34 07/18/2025
R	reached during Sequence 
G0,
RSEQUENCE	Run sequence MSMM.s initiated.	10:49:37 07/18/2025
